<?xml version="1.0" encoding="UTF-8"?>
<!-- Generated by org.testng.reporters.JUnitXMLReporter -->
<testsuite ignored="0" hostname="Himanshu-Workspace" failures="0" tests="2" name="Test" time="4.409" errors="0" timestamp="2023-06-22T07:44:39 IST">
  <testcase classname="com.nxtgenai.testcases.HandlingMouseEvent" name="validateDoubleClickAction" time="0.194"/>
  <testcase classname="com.nxtgenai.testcases.HandlingMouseEvent" name="validateRegistrationFormOption" time="1.848"/>
</testsuite> <!-- Test -->
