<?xml version="1.0" encoding="UTF-8"?>
<testng-results ignored="8" total="32" passed="24" failed="0" skipped="0">
  <reporter-output>
    <line>
      <![CDATA[Configuration File Loaded Successfully]]>
    </line>
    <line>
      <![CDATA[Application Closed Successfully]]>
    </line>
  </reporter-output>
  <suite started-at="2023-06-27T21:24:36 IST" name="NxtGen AI Automation Suite" finished-at="2023-06-27T21:27:29 IST" duration-ms="172582">
    <groups>
    </groups>
    <test started-at="2023-06-27T21:24:36 IST" name="Regression Suite" finished-at="2023-06-27T21:27:29 IST" duration-ms="172582">
      <class name="com.nxtgenai.testcases.HandlingMultipleWindows">
        <test-method is-config="true" signature="navigateToMultipleWindows()[pri:0, instance:com.nxtgenai.testcases.HandlingMultipleWindows@2427e004]" started-at="2023-06-27T21:26:55 IST" name="navigateToMultipleWindows" finished-at="2023-06-27T21:27:03 IST" duration-ms="7455" status="PASS">
          <reporter-output>
          </reporter-output>
        </test-method> <!-- navigateToMultipleWindows -->
        <test-method signature="handlingMultipleBrowsers()[pri:1, instance:com.nxtgenai.testcases.HandlingMultipleWindows@2427e004]" started-at="2023-06-27T21:27:03 IST" name="handlingMultipleBrowsers" finished-at="2023-06-27T21:27:10 IST" duration-ms="7540" status="PASS">
          <reporter-output>
          </reporter-output>
        </test-method> <!-- handlingMultipleBrowsers -->
        <test-method signature="handlingMultipleTabs()[pri:2, instance:com.nxtgenai.testcases.HandlingMultipleWindows@2427e004]" started-at="2023-06-27T21:27:10 IST" name="handlingMultipleTabs" finished-at="2023-06-27T21:27:17 IST" duration-ms="7290" status="PASS">
          <reporter-output>
          </reporter-output>
        </test-method> <!-- handlingMultipleTabs -->
        <test-method signature="handlingMultipleMessageWindow()[pri:3, instance:com.nxtgenai.testcases.HandlingMultipleWindows@2427e004]" started-at="2023-06-27T21:27:17 IST" name="handlingMultipleMessageWindow" finished-at="2023-06-27T21:27:23 IST" duration-ms="5219" status="PASS">
          <reporter-output>
          </reporter-output>
        </test-method> <!-- handlingMultipleMessageWindow -->
      </class> <!-- com.nxtgenai.testcases.HandlingMultipleWindows -->
      <class name="com.nxtgenai.testcases.ScreenNavigation">
        <test-method is-config="true" signature="setUp()[pri:0, instance:com.nxtgenai.testcases.ScreenNavigation@4628b1d3]" started-at="2023-06-27T21:23:10 IST" name="setUp" finished-at="2023-06-27T21:24:36 IST" duration-ms="85675" status="PASS">
          <reporter-output>
            <line>
              <![CDATA[Configuration File Loaded Successfully]]>
            </line>
          </reporter-output>
        </test-method> <!-- setUp -->
        <test-method signature="validatingHomePageNavigation()[pri:1, instance:com.nxtgenai.testcases.ScreenNavigation@4628b1d3]" started-at="2023-06-27T21:24:36 IST" name="validatingHomePageNavigation" finished-at="2023-06-27T21:24:50 IST" duration-ms="13656" status="PASS">
          <reporter-output>
          </reporter-output>
        </test-method> <!-- validatingHomePageNavigation -->
        <test-method signature="validatingSeleniumAutomationCurriculumNavigation()[pri:2, instance:com.nxtgenai.testcases.ScreenNavigation@4628b1d3]" started-at="2023-06-27T21:24:50 IST" name="validatingSeleniumAutomationCurriculumNavigation" finished-at="2023-06-27T21:24:59 IST" duration-ms="8893" status="PASS">
          <reporter-output>
          </reporter-output>
        </test-method> <!-- validatingSeleniumAutomationCurriculumNavigation -->
        <test-method signature="validatingAutomationToolsCurriculumNavigation()[pri:3, instance:com.nxtgenai.testcases.ScreenNavigation@4628b1d3]" started-at="2023-06-27T21:24:59 IST" name="validatingAutomationToolsCurriculumNavigation" finished-at="2023-06-27T21:25:02 IST" duration-ms="3370" status="PASS">
          <reporter-output>
          </reporter-output>
        </test-method> <!-- validatingAutomationToolsCurriculumNavigation -->
        <test-method signature="validatingRegistrationFormNavigation()[pri:4, instance:com.nxtgenai.testcases.ScreenNavigation@4628b1d3]" started-at="2023-06-27T21:25:02 IST" name="validatingRegistrationFormNavigation" finished-at="2023-06-27T21:25:05 IST" duration-ms="2621" status="PASS">
          <reporter-output>
          </reporter-output>
        </test-method> <!-- validatingRegistrationFormNavigation -->
        <test-method signature="validatingAlertPopUpNavigation()[pri:5, instance:com.nxtgenai.testcases.ScreenNavigation@4628b1d3]" started-at="2023-06-27T21:25:05 IST" name="validatingAlertPopUpNavigation" finished-at="2023-06-27T21:25:29 IST" duration-ms="24471" status="PASS">
          <reporter-output>
          </reporter-output>
        </test-method> <!-- validatingAlertPopUpNavigation -->
        <test-method signature="validatingMultipleWindowsNavigation()[pri:6, instance:com.nxtgenai.testcases.ScreenNavigation@4628b1d3]" started-at="2023-06-27T21:25:29 IST" name="validatingMultipleWindowsNavigation" finished-at="2023-06-27T21:25:37 IST" duration-ms="7714" status="PASS">
          <reporter-output>
          </reporter-output>
        </test-method> <!-- validatingMultipleWindowsNavigation -->
        <test-method signature="validatingWebTableNavigation()[pri:7, instance:com.nxtgenai.testcases.ScreenNavigation@4628b1d3]" started-at="2023-06-27T21:25:37 IST" name="validatingWebTableNavigation" finished-at="2023-06-27T21:25:40 IST" duration-ms="2851" status="PASS">
          <reporter-output>
          </reporter-output>
        </test-method> <!-- validatingWebTableNavigation -->
        <test-method signature="validatingMouseEventNavigation()[pri:8, instance:com.nxtgenai.testcases.ScreenNavigation@4628b1d3]" started-at="2023-06-27T21:25:40 IST" name="validatingMouseEventNavigation" finished-at="2023-06-27T21:25:42 IST" duration-ms="2330" status="PASS">
          <reporter-output>
          </reporter-output>
        </test-method> <!-- validatingMouseEventNavigation -->
        <test-method signature="validatingProgressBarNavigation()[pri:9, instance:com.nxtgenai.testcases.ScreenNavigation@4628b1d3]" started-at="2023-06-27T21:25:42 IST" name="validatingProgressBarNavigation" finished-at="2023-06-27T21:25:44 IST" duration-ms="2139" status="PASS">
          <reporter-output>
          </reporter-output>
        </test-method> <!-- validatingProgressBarNavigation -->
        <test-method signature="validatingDynamicTransactionNavigation()[pri:10, instance:com.nxtgenai.testcases.ScreenNavigation@4628b1d3]" started-at="2023-06-27T21:25:44 IST" name="validatingDynamicTransactionNavigation" finished-at="2023-06-27T21:25:46 IST" duration-ms="2011" status="PASS">
          <reporter-output>
          </reporter-output>
        </test-method> <!-- validatingDynamicTransactionNavigation -->
        <test-method signature="validatingFramesNavigation()[pri:11, instance:com.nxtgenai.testcases.ScreenNavigation@4628b1d3]" started-at="2023-06-27T21:25:46 IST" name="validatingFramesNavigation" finished-at="2023-06-27T21:25:50 IST" duration-ms="3472" status="PASS">
          <reporter-output>
          </reporter-output>
        </test-method> <!-- validatingFramesNavigation -->
        <test-method signature="validatingTechTalkNavigation()[pri:12, instance:com.nxtgenai.testcases.ScreenNavigation@4628b1d3]" started-at="2023-06-27T21:25:50 IST" name="validatingTechTalkNavigation" finished-at="2023-06-27T21:25:52 IST" duration-ms="1880" status="PASS">
          <reporter-output>
          </reporter-output>
        </test-method> <!-- validatingTechTalkNavigation -->
        <test-method signature="validatingTestimonialsNavigation()[pri:13, instance:com.nxtgenai.testcases.ScreenNavigation@4628b1d3]" started-at="2023-06-27T21:25:52 IST" name="validatingTestimonialsNavigation" finished-at="2023-06-27T21:25:54 IST" duration-ms="1946" status="PASS">
          <reporter-output>
          </reporter-output>
        </test-method> <!-- validatingTestimonialsNavigation -->
        <test-method signature="validatingPythonForAutomationNavigation()[pri:14, instance:com.nxtgenai.testcases.ScreenNavigation@4628b1d3]" started-at="2023-06-27T21:25:54 IST" name="validatingPythonForAutomationNavigation" finished-at="2023-06-27T21:25:56 IST" duration-ms="1763" status="PASS">
          <reporter-output>
          </reporter-output>
        </test-method> <!-- validatingPythonForAutomationNavigation -->
        <test-method is-config="true" signature="tearDown()[pri:0, instance:com.nxtgenai.testcases.ScreenNavigation@4628b1d3]" started-at="2023-06-27T21:27:32 IST" name="tearDown" finished-at="2023-06-27T21:27:34 IST" duration-ms="2205" status="PASS">
          <reporter-output>
            <line>
              <![CDATA[Application Closed Successfully]]>
            </line>
          </reporter-output>
        </test-method> <!-- tearDown -->
      </class> <!-- com.nxtgenai.testcases.ScreenNavigation -->
      <class name="com.nxtgenai.testcases.HandlingMouseEvent">
        <test-method is-config="true" signature="validatingMouseEventNavigation()[pri:0, instance:com.nxtgenai.testcases.HandlingMouseEvent@5ebd56e9]" started-at="2023-06-27T21:27:23 IST" name="validatingMouseEventNavigation" finished-at="2023-06-27T21:27:26 IST" duration-ms="2882" status="PASS">
          <reporter-output>
          </reporter-output>
        </test-method> <!-- validatingMouseEventNavigation -->
        <test-method signature="validateDoubleClickAction()[pri:1, instance:com.nxtgenai.testcases.HandlingMouseEvent@5ebd56e9]" started-at="2023-06-27T21:27:26 IST" name="validateDoubleClickAction" finished-at="2023-06-27T21:27:26 IST" duration-ms="534" status="PASS">
          <reporter-output>
          </reporter-output>
        </test-method> <!-- validateDoubleClickAction -->
        <test-method signature="validateAlertPopupOption()[pri:2, instance:com.nxtgenai.testcases.HandlingMouseEvent@5ebd56e9]" started-at="2023-06-27T21:27:26 IST" name="validateAlertPopupOption" finished-at="2023-06-27T21:27:29 IST" duration-ms="2613" status="PASS">
          <reporter-output>
          </reporter-output>
        </test-method> <!-- validateAlertPopupOption -->
      </class> <!-- com.nxtgenai.testcases.HandlingMouseEvent -->
      <class name="com.nxtgenai.testcases.HandlingPopUp">
        <test-method is-config="true" signature="navigateToAlertPopUp()[pri:0, instance:com.nxtgenai.testcases.HandlingPopUp@1a6f2363]" started-at="2023-06-27T21:26:49 IST" name="navigateToAlertPopUp" finished-at="2023-06-27T21:26:53 IST" duration-ms="3996" status="PASS">
          <reporter-output>
          </reporter-output>
        </test-method> <!-- navigateToAlertPopUp -->
        <test-method signature="validateAlertPopUp()[pri:1, instance:com.nxtgenai.testcases.HandlingPopUp@1a6f2363]" started-at="2023-06-27T21:26:53 IST" name="validateAlertPopUp" finished-at="2023-06-27T21:26:55 IST" duration-ms="1766" status="PASS">
          <reporter-output>
          </reporter-output>
        </test-method> <!-- validateAlertPopUp -->
        <test-method signature="validateConfirmAlertPopUp()[pri:2, instance:com.nxtgenai.testcases.HandlingPopUp@1a6f2363]" started-at="2023-06-27T21:26:55 IST" name="validateConfirmAlertPopUp" finished-at="2023-06-27T21:26:55 IST" duration-ms="250" status="PASS">
          <reporter-output>
          </reporter-output>
        </test-method> <!-- validateConfirmAlertPopUp -->
        <test-method signature="validatePromptAlertPopUp()[pri:3, instance:com.nxtgenai.testcases.HandlingPopUp@1a6f2363]" started-at="2023-06-27T21:26:55 IST" name="validatePromptAlertPopUp" finished-at="2023-06-27T21:26:55 IST" duration-ms="249" status="PASS">
          <reporter-output>
          </reporter-output>
        </test-method> <!-- validatePromptAlertPopUp -->
      </class> <!-- com.nxtgenai.testcases.HandlingPopUp -->
      <class name="com.nxtgenai.testcases.RegisterDemo">
        <test-method signature="registerUser(java.util.Hashtable)[pri:0, instance:com.nxtgenai.testcases.RegisterDemo@681aad3b]" started-at="2023-06-27T21:25:56 IST" name="registerUser" data-provider="registerDemo" finished-at="2023-06-27T21:26:26 IST" duration-ms="29864" status="PASS">
          <params>
            <param index="0">
              <value>
                <![CDATA[{EmailID=vinothrwins@gmail.com, Gender=Male, StreetAddress=XYZ Street, UFT=ON, ApartmentNumber=S1, SeleniumWebDriver=ON, Country=India, Expected Successful Message=Registration Form is Successfully Submitted, PinCode=600100, State=Tamil Nadu, Query=What is the Roadmap for Selenium Automation?, TitleValidation=Register For Demo, MM=00, LastName=Rathinam, FirstName=Vinoth, MobileNumber=638354489, FunctionalTesting=OFF, Others=OFF, TestNG=ON, CoreJava=OFF, DemoDate=12/19/2024, HH=09, City=Chennai}]]>
              </value>
            </param>
          </params>
          <reporter-output>
          </reporter-output>
        </test-method> <!-- registerUser -->
        <test-method signature="registerUser(java.util.Hashtable)[pri:0, instance:com.nxtgenai.testcases.RegisterDemo@681aad3b]" started-at="2023-06-27T21:26:26 IST" name="registerUser" data-provider="registerDemo" finished-at="2023-06-27T21:26:49 IST" duration-ms="23191" status="PASS">
          <params>
            <param index="0">
              <value>
                <![CDATA[{EmailID=pranav@gmail.com, Gender=Male, StreetAddress=ABC Street, UFT=OFF, ApartmentNumber=C1, SeleniumWebDriver=OFF, Country=India, Expected Successful Message=Registration Form is Successfully Submitted, PinCode=500001, State=Telangana, Query=What is the Roadmap for Web Service API Automation?, TitleValidation=Register For Demo, MM=35, LastName=Vinoth, FirstName=Pranav, MobileNumber=638354489, FunctionalTesting=ON, Others=ON, TestNG=OFF, CoreJava=ON, DemoDate=06/11/2024, HH=20, City=Hyderabad}]]>
              </value>
            </param>
          </params>
          <reporter-output>
          </reporter-output>
        </test-method> <!-- registerUser -->
      </class> <!-- com.nxtgenai.testcases.RegisterDemo -->
    </test> <!-- Regression Suite -->
  </suite> <!-- NxtGen AI Automation Suite -->
</testng-results>
